<?xml version="1.0" encoding="UTF-8" ?>
<testsuite tests="7" failures="3" name="daimler.AppTest" time="0.006" errors="0" skipped="0">
  <properties>
    <property name="java.runtime.name" value="Java(TM) SE Runtime Environment"/>
    <property name="sun.boot.library.path" value="C:\Eigene_Programme\Java-8-jdk-32-bit\jre\bin"/>
    <property name="java.vm.version" value="25.191-b12"/>
    <property name="java.vm.vendor" value="Oracle Corporation"/>
    <property name="maven.multiModuleProjectDirectory" value="C:\Eigene_Programme\Git-Data\Own_Repositories\AISE\fault_localization\fl-test_code\chrysler"/>
    <property name="java.vendor.url" value="http://java.oracle.com/"/>
    <property name="path.separator" value=";"/>
    <property name="guice.disable.misplaced.annotation.check" value="true"/>
    <property name="java.vm.name" value="Java HotSpot(TM) Client VM"/>
    <property name="file.encoding.pkg" value="sun.io"/>
    <property name="user.script" value=""/>
    <property name="user.country" value="DE"/>
    <property name="sun.java.launcher" value="SUN_STANDARD"/>
    <property name="sun.os.patch.level" value=""/>
    <property name="java.vm.specification.name" value="Java Virtual Machine Specification"/>
    <property name="user.dir" value="C:\Eigene_Programme\Git-Data\Own_Repositories\AISE\fault_localization\fl-test_code\chrysler"/>
    <property name="java.runtime.version" value="1.8.0_191-b12"/>
    <property name="java.awt.graphicsenv" value="sun.awt.Win32GraphicsEnvironment"/>
    <property name="java.endorsed.dirs" value="C:\Eigene_Programme\Java-8-jdk-32-bit\jre\lib\endorsed"/>
    <property name="os.arch" value="x86"/>
    <property name="java.io.tmpdir" value="C:\Users\Asdf\AppData\Local\Temp\"/>
    <property name="line.separator" value="
"/>
    <property name="java.vm.specification.vendor" value="Oracle Corporation"/>
    <property name="user.variant" value=""/>
    <property name="os.name" value="Windows 10"/>
    <property name="classworlds.conf" value="C:\Eigene_Programme\Maven\apache-maven-3.6.0\bin\..\bin\m2.conf"/>
    <property name="sun.jnu.encoding" value="Cp1252"/>
    <property name="java.library.path" value="C:\Eigene_Programme\Java-8-jdk-32-bit\bin;C:\WINDOWS\Sun\Java\bin;C:\WINDOWS\system32;C:\WINDOWS;C:\Program Files (x86)\Common Files\Oracle\Java\javapath;C:\Eigene_Programme\Java-8-jdk-32-bit\bin;C:\Eigene_Programme\Maven\apache-maven-3.6.0\bin;C:\Eigene_Programme\Maven\apache-maven-3.6.0\bin;C:\WINDOWS\system32;C:\WINDOWS;C:\WINDOWS\System32\Wbem;C:\WINDOWS\System32\WindowsPowerShell\v1.0\;C:\Eigene_Programme\Git\cmd;C:\Eigene_Programme\MiKTex\miktex\bin\x64\;C:\Eigene_Programme\Flash-Develop\Haxe\haxe\;C:\Eigene_Programme\Flash-Develop\Haxe\neko;C:\WINDOWS\System32\OpenSSH\;C:\Eigene_Programme\NodeJS\;C:\Program Files (x86)\NVIDIA Corporation\PhysX\Common;C:\Users\Asdf\AppData\Local\Microsoft\WindowsApps;C:\Program Files\Microsoft VS Code\bin;C:\Users\Asdf\AppData\Local\Microsoft\WindowsApps;C:\Users\Asdf\AppData\Roaming\npm;."/>
    <property name="maven.conf" value="C:\Eigene_Programme\Maven\apache-maven-3.6.0\bin\../conf"/>
    <property name="java.specification.name" value="Java Platform API Specification"/>
    <property name="java.class.version" value="52.0"/>
    <property name="sun.management.compiler" value="HotSpot Client Compiler"/>
    <property name="os.version" value="10.0"/>
    <property name="library.jansi.path" value="C:\Eigene_Programme\Maven\apache-maven-3.6.0\bin\..\lib\jansi-native"/>
    <property name="user.home" value="C:\Users\Asdf"/>
    <property name="user.timezone" value="Asia/Seoul"/>
    <property name="java.awt.printerjob" value="sun.awt.windows.WPrinterJob"/>
    <property name="java.specification.version" value="1.8"/>
    <property name="file.encoding" value="Cp1252"/>
    <property name="user.name" value="Asdf"/>
    <property name="java.class.path" value="C:\Eigene_Programme\Maven\apache-maven-3.6.0\bin\..\boot\plexus-classworlds-2.5.2.jar"/>
    <property name="java.vm.specification.version" value="1.8"/>
    <property name="sun.arch.data.model" value="32"/>
    <property name="java.home" value="C:\Eigene_Programme\Java-8-jdk-32-bit\jre"/>
    <property name="sun.java.command" value="org.codehaus.plexus.classworlds.launcher.Launcher package"/>
    <property name="java.specification.vendor" value="Oracle Corporation"/>
    <property name="user.language" value="de"/>
    <property name="awt.toolkit" value="sun.awt.windows.WToolkit"/>
    <property name="java.vm.info" value="mixed mode, sharing"/>
    <property name="java.version" value="1.8.0_191"/>
    <property name="java.ext.dirs" value="C:\Eigene_Programme\Java-8-jdk-32-bit\jre\lib\ext;C:\WINDOWS\Sun\Java\lib\ext"/>
    <property name="sun.boot.class.path" value="C:\Eigene_Programme\Java-8-jdk-32-bit\jre\lib\resources.jar;C:\Eigene_Programme\Java-8-jdk-32-bit\jre\lib\rt.jar;C:\Eigene_Programme\Java-8-jdk-32-bit\jre\lib\sunrsasign.jar;C:\Eigene_Programme\Java-8-jdk-32-bit\jre\lib\jsse.jar;C:\Eigene_Programme\Java-8-jdk-32-bit\jre\lib\jce.jar;C:\Eigene_Programme\Java-8-jdk-32-bit\jre\lib\charsets.jar;C:\Eigene_Programme\Java-8-jdk-32-bit\jre\lib\jfr.jar;C:\Eigene_Programme\Java-8-jdk-32-bit\jre\classes"/>
    <property name="sun.stderr.encoding" value="cp850"/>
    <property name="java.vendor" value="Oracle Corporation"/>
    <property name="maven.home" value="C:\Eigene_Programme\Maven\apache-maven-3.6.0\bin\.."/>
    <property name="file.separator" value="\"/>
    <property name="java.vendor.url.bug" value="http://bugreport.sun.com/bugreport/"/>
    <property name="sun.cpu.endian" value="little"/>
    <property name="sun.io.unicode.encoding" value="UnicodeLittle"/>
    <property name="sun.stdout.encoding" value="cp850"/>
    <property name="sun.desktop" value="windows"/>
    <property name="sun.cpu.isalist" value="pentium_pro+mmx pentium_pro pentium+mmx pentium i486 i386 i86"/>
  </properties>
  <testcase classname="daimler.AppTest" name="test3" time="0.004"/>
  <testcase classname="daimler.AppTest" name="test0" time="0.002">
    <failure message="expected:&lt;St&gt; but was:&lt;a&gt;" type="junit.framework.ComparisonFailure">junit.framework.ComparisonFailure: expected:&lt;St&gt; but was:&lt;a&gt;
	at junit.framework.Assert.assertEquals(Assert.java:81)
	at junit.framework.Assert.assertEquals(Assert.java:87)
	at daimler.AppTest.test0(AppTest.java:19)
</failure>
    <system-out>Test String for Str
</system-out>
  </testcase>
  <testcase classname="daimler.AppTest" name="test2" time="0"/>
  <testcase classname="daimler.AppTest" name="test5" time="0">
    <failure message="expected:&lt;x&gt; but was:&lt;b&gt;" type="junit.framework.ComparisonFailure">junit.framework.ComparisonFailure: expected:&lt;x&gt; but was:&lt;b&gt;
	at junit.framework.Assert.assertEquals(Assert.java:81)
	at junit.framework.Assert.assertEquals(Assert.java:87)
	at daimler.AppTest.test5(AppTest.java:54)
</failure>
    <system-out>Test String for Strd
</system-out>
  </testcase>
  <testcase classname="daimler.AppTest" name="testApp" time="0"/>
  <testcase classname="daimler.AppTest" name="test1" time="0"/>
  <testcase classname="daimler.AppTest" name="test4" time="0">
    <failure message="expected:&lt;x&gt; but was:&lt;a&gt;" type="junit.framework.ComparisonFailure">junit.framework.ComparisonFailure: expected:&lt;x&gt; but was:&lt;a&gt;
	at junit.framework.Assert.assertEquals(Assert.java:81)
	at junit.framework.Assert.assertEquals(Assert.java:87)
	at daimler.AppTest.test4(AppTest.java:47)
</failure>
    <system-out>Test String for Strd
</system-out>
  </testcase>
</testsuite>